<?xml version="1.0" encoding="UTF-8"?>
<!-- Generated by org.testng.reporters.JUnitReportReporter -->
<testsuite hostname="Smooth" failures="0" tests="4" name="CalcSoup.soupC_TestCases" time="766.327" errors="0" timestamp="21 Jun 2023 13:38:23 GMT">
  <testcase classname="CalcSoup.soupC_TestCases" name="Subtraction" time="73.651"/>
  <testcase classname="CalcSoup.soupC_TestCases" name="Multiplication" time="294.354"/>
  <testcase classname="CalcSoup.soupC_TestCases" name="Addition" time="160.885"/>
  <testcase classname="CalcSoup.soupC_TestCases" name="Division" time="237.437"/>
</testsuite> <!-- CalcSoup.soupC_TestCases -->
