<?xml version="1.0" encoding="UTF-8"?>
<!-- Generated by org.testng.reporters.JUnitReportReporter -->
<testsuite hostname="Smooth" failures="0" tests="4" name="CalcSoup.soupC_TestCases" time="252.525" errors="0" timestamp="21 Jun 2023 21:08:57 GMT">
  <testcase classname="CalcSoup.soupC_TestCases" name="Subtraction" time="73.833"/>
  <testcase classname="CalcSoup.soupC_TestCases" name="Multiplication" time="68.035"/>
  <testcase classname="CalcSoup.soupC_TestCases" name="Addition" time="43.758"/>
  <testcase classname="CalcSoup.soupC_TestCases" name="Division" time="66.899"/>
</testsuite> <!-- CalcSoup.soupC_TestCases -->
